<?xml version="1.0" encoding="UTF-8"?>
<testng-results ignored="0" total="1" passed="1" failed="0" skipped="0">
  <reporter-output>
  </reporter-output>
  <suite started-at="2021-11-28T12:14:37 IST" name="Suite" finished-at="2021-11-28T12:16:38 IST" duration-ms="120695">
    <groups>
    </groups>
    <test started-at="2021-11-28T12:14:37 IST" name="Test" finished-at="2021-11-28T12:16:38 IST" duration-ms="120695">
      <class name="Testing.PageFilesTesting">
        <test-method is-config="true" signature="setUp()[pri:0, instance:Testing.PageFilesTesting@1b45c0e]" started-at="2021-11-28T12:14:37 IST" name="setUp" finished-at="2021-11-28T12:14:38 IST" duration-ms="489" status="PASS">
          <reporter-output>
          </reporter-output>
        </test-method> <!-- setUp -->
        <test-method signature="pageNavigation()[pri:0, instance:Testing.PageFilesTesting@1b45c0e]" started-at="2021-11-28T12:14:38 IST" name="pageNavigation" finished-at="2021-11-28T12:16:38 IST" duration-ms="120167" status="PASS">
          <reporter-output>
          </reporter-output>
        </test-method> <!-- pageNavigation -->
      </class> <!-- Testing.PageFilesTesting -->
    </test> <!-- Test -->
  </suite> <!-- Suite -->
</testng-results>
