<?xml version="1.0" encoding="UTF-8"?>
<testng-results ignored="0" total="1" passed="1" failed="0" skipped="0">
  <reporter-output>
  </reporter-output>
  <suite started-at="2021-11-27T19:24:43 IST" name="Default suite" finished-at="2021-11-27T19:25:32 IST" duration-ms="48809">
    <groups>
    </groups>
    <test started-at="2021-11-27T19:24:43 IST" name="Default test" finished-at="2021-11-27T19:25:32 IST" duration-ms="48809">
      <class name="Testing.PageFilesTesting">
        <test-method is-config="true" signature="setUp()[pri:0, instance:Testing.PageFilesTesting@4bd1f8dd]" started-at="2021-11-27T19:24:43 IST" name="setUp" finished-at="2021-11-27T19:24:43 IST" duration-ms="236" status="PASS">
          <reporter-output>
          </reporter-output>
        </test-method> <!-- setUp -->
        <test-method signature="pageNavigation()[pri:0, instance:Testing.PageFilesTesting@4bd1f8dd]" started-at="2021-11-27T19:24:43 IST" name="pageNavigation" finished-at="2021-11-27T19:25:32 IST" duration-ms="48539" status="PASS">
          <reporter-output>
          </reporter-output>
        </test-method> <!-- pageNavigation -->
      </class> <!-- Testing.PageFilesTesting -->
    </test> <!-- Default test -->
  </suite> <!-- Default suite -->
</testng-results>
